<?xml version="1.0" encoding="UTF-8"?>
<testsuite xmlns:xsi="http://www.w3.org/2001/XMLSchema-instance" xsi:noNamespaceSchemaLocation="https://maven.apache.org/surefire/maven-surefire-plugin/xsd/surefire-test-report-3.0.xsd" version="3.0" name="org.wikipathways.client.TestListPathways" time="0.294" tests="1" errors="0" skipped="0" failures="0">
  <properties>
    <property name="gopherProxySet" value="false"/>
    <property name="awt.toolkit" value="sun.lwawt.macosx.LWCToolkit"/>
    <property name="java.specification.version" value="11"/>
    <property name="sun.cpu.isalist" value=""/>
    <property name="sun.jnu.encoding" value="UTF-8"/>
    <property name="java.class.path" value="/Users/yxin/git/wikipathways-new-api-client-java/org.wikipathways.client/target/test-classes:/Users/yxin/git/wikipathways-new-api-client-java/org.wikipathways.client/target/classes:/Users/yxin/.m2/repository/org/json/json/20210307/json-20210307.jar:/Users/yxin/.m2/repository/org/junit/jupiter/junit-jupiter-engine/5.9.1/junit-jupiter-engine-5.9.1.jar:/Users/yxin/.m2/repository/org/junit/platform/junit-platform-engine/1.9.1/junit-platform-engine-1.9.1.jar:/Users/yxin/.m2/repository/org/opentest4j/opentest4j/1.2.0/opentest4j-1.2.0.jar:/Users/yxin/.m2/repository/org/junit/platform/junit-platform-commons/1.9.1/junit-platform-commons-1.9.1.jar:/Users/yxin/.m2/repository/org/junit/jupiter/junit-jupiter-api/5.9.1/junit-jupiter-api-5.9.1.jar:/Users/yxin/.m2/repository/org/apiguardian/apiguardian-api/1.1.2/apiguardian-api-1.1.2.jar:/Users/yxin/.m2/repository/org/junit/vintage/junit-vintage-engine/5.9.1/junit-vintage-engine-5.9.1.jar:/Users/yxin/.m2/repository/junit/junit/4.13.2/junit-4.13.2.jar:/Users/yxin/.m2/repository/org/hamcrest/hamcrest-core/1.3/hamcrest-core-1.3.jar:/Users/yxin/.m2/repository/org/bridgedb/org.bridgedb.bio/3.0.22/org.bridgedb.bio-3.0.22.jar:/Users/yxin/.m2/repository/org/bridgedb/org.bridgedb/3.0.22/org.bridgedb-3.0.22.jar:/Users/yxin/.m2/repository/org/jdom/jdom-legacy/1.1.3/jdom-legacy-1.1.3.jar:/Users/yxin/.m2/repository/org/apache/httpcomponents/httpclient/4.5.14/httpclient-4.5.14.jar:/Users/yxin/.m2/repository/org/apache/httpcomponents/httpcore/4.4.16/httpcore-4.4.16.jar:/Users/yxin/.m2/repository/commons-codec/commons-codec/1.11/commons-codec-1.11.jar:/Users/yxin/.m2/repository/commons-logging/commons-logging/1.2/commons-logging-1.2.jar:/Users/yxin/.m2/repository/org/pathvisio/pathvisio-core/3.4.0-bridgedb-3.0.22-1/pathvisio-core-3.4.0-bridgedb-3.0.22-1.jar:/Users/yxin/.m2/repository/commons-io/commons-io/2.11.0/commons-io-2.11.0.jar:/Users/yxin/.m2/repository/org/apache/derby/derby/10.15.2.0/derby-10.15.2.0.jar:/Users/yxin/.m2/repository/org/apache/derby/derbyshared/10.15.2.0/derbyshared-10.15.2.0.jar:/Users/yxin/.m2/repository/org/apache/derby/derbyclient/10.15.2.0/derbyclient-10.15.2.0.jar:"/>
    <property name="java.vm.vendor" value="AdoptOpenJDK"/>
    <property name="sun.arch.data.model" value="64"/>
    <property name="java.vendor.url" value="https://adoptopenjdk.net/"/>
    <property name="user.timezone" value=""/>
    <property name="java.vm.specification.version" value="11"/>
    <property name="os.name" value="Mac OS X"/>
    <property name="sun.java.launcher" value="SUN_STANDARD"/>
    <property name="user.country" value="US"/>
    <property name="sun.boot.library.path" value="/Library/Java/JavaVirtualMachines/adoptopenjdk-11.jdk/Contents/Home/lib"/>
    <property name="sun.java.command" value="/Users/yxin/git/wikipathways-new-api-client-java/org.wikipathways.client/target/surefire/surefirebooter3779201370072250864.jar /Users/yxin/git/wikipathways-new-api-client-java/org.wikipathways.client/target/surefire 2024-09-24T17-45-33_886-jvmRun1 surefire5395611562713180256tmp surefire_04302774210536655083tmp"/>
    <property name="http.nonProxyHosts" value="local|*.local|169.254/16|*.169.254/16"/>
    <property name="jdk.debug" value="release"/>
    <property name="surefire.test.class.path" value="/Users/yxin/git/wikipathways-new-api-client-java/org.wikipathways.client/target/test-classes:/Users/yxin/git/wikipathways-new-api-client-java/org.wikipathways.client/target/classes:/Users/yxin/.m2/repository/org/json/json/20210307/json-20210307.jar:/Users/yxin/.m2/repository/org/junit/jupiter/junit-jupiter-engine/5.9.1/junit-jupiter-engine-5.9.1.jar:/Users/yxin/.m2/repository/org/junit/platform/junit-platform-engine/1.9.1/junit-platform-engine-1.9.1.jar:/Users/yxin/.m2/repository/org/opentest4j/opentest4j/1.2.0/opentest4j-1.2.0.jar:/Users/yxin/.m2/repository/org/junit/platform/junit-platform-commons/1.9.1/junit-platform-commons-1.9.1.jar:/Users/yxin/.m2/repository/org/junit/jupiter/junit-jupiter-api/5.9.1/junit-jupiter-api-5.9.1.jar:/Users/yxin/.m2/repository/org/apiguardian/apiguardian-api/1.1.2/apiguardian-api-1.1.2.jar:/Users/yxin/.m2/repository/org/junit/vintage/junit-vintage-engine/5.9.1/junit-vintage-engine-5.9.1.jar:/Users/yxin/.m2/repository/junit/junit/4.13.2/junit-4.13.2.jar:/Users/yxin/.m2/repository/org/hamcrest/hamcrest-core/1.3/hamcrest-core-1.3.jar:/Users/yxin/.m2/repository/org/bridgedb/org.bridgedb.bio/3.0.22/org.bridgedb.bio-3.0.22.jar:/Users/yxin/.m2/repository/org/bridgedb/org.bridgedb/3.0.22/org.bridgedb-3.0.22.jar:/Users/yxin/.m2/repository/org/jdom/jdom-legacy/1.1.3/jdom-legacy-1.1.3.jar:/Users/yxin/.m2/repository/org/apache/httpcomponents/httpclient/4.5.14/httpclient-4.5.14.jar:/Users/yxin/.m2/repository/org/apache/httpcomponents/httpcore/4.4.16/httpcore-4.4.16.jar:/Users/yxin/.m2/repository/commons-codec/commons-codec/1.11/commons-codec-1.11.jar:/Users/yxin/.m2/repository/commons-logging/commons-logging/1.2/commons-logging-1.2.jar:/Users/yxin/.m2/repository/org/pathvisio/pathvisio-core/3.4.0-bridgedb-3.0.22-1/pathvisio-core-3.4.0-bridgedb-3.0.22-1.jar:/Users/yxin/.m2/repository/commons-io/commons-io/2.11.0/commons-io-2.11.0.jar:/Users/yxin/.m2/repository/org/apache/derby/derby/10.15.2.0/derby-10.15.2.0.jar:/Users/yxin/.m2/repository/org/apache/derby/derbyshared/10.15.2.0/derbyshared-10.15.2.0.jar:/Users/yxin/.m2/repository/org/apache/derby/derbyclient/10.15.2.0/derbyclient-10.15.2.0.jar:"/>
    <property name="sun.cpu.endian" value="little"/>
    <property name="user.home" value="/Users/yxin"/>
    <property name="user.language" value="en"/>
    <property name="java.specification.vendor" value="Oracle Corporation"/>
    <property name="java.version.date" value="2020-11-04"/>
    <property name="java.home" value="/Library/Java/JavaVirtualMachines/adoptopenjdk-11.jdk/Contents/Home"/>
    <property name="file.separator" value="/"/>
    <property name="basedir" value="/Users/yxin/git/wikipathways-new-api-client-java/org.wikipathways.client"/>
    <property name="java.vm.compressedOopsMode" value="Zero based"/>
    <property name="line.separator" value="&#10;"/>
    <property name="java.specification.name" value="Java Platform API Specification"/>
    <property name="java.vm.specification.vendor" value="Oracle Corporation"/>
    <property name="java.awt.graphicsenv" value="sun.awt.CGraphicsEnvironment"/>
    <property name="surefire.real.class.path" value="/Users/yxin/git/wikipathways-new-api-client-java/org.wikipathways.client/target/surefire/surefirebooter3779201370072250864.jar"/>
    <property name="sun.management.compiler" value="HotSpot 64-Bit Tiered Compilers"/>
    <property name="ftp.nonProxyHosts" value="local|*.local|169.254/16|*.169.254/16"/>
    <property name="java.runtime.version" value="11.0.9.1+1"/>
    <property name="user.name" value="yxin"/>
    <property name="path.separator" value=":"/>
    <property name="os.version" value="10.16"/>
    <property name="java.runtime.name" value="OpenJDK Runtime Environment"/>
    <property name="file.encoding" value="UTF-8"/>
    <property name="java.vm.name" value="OpenJDK 64-Bit Server VM"/>
    <property name="java.vendor.version" value="AdoptOpenJDK"/>
    <property name="localRepository" value="/Users/yxin/.m2/repository"/>
    <property name="java.vendor.url.bug" value="https://github.com/AdoptOpenJDK/openjdk-support/issues"/>
    <property name="java.io.tmpdir" value="/var/folders/b6/9hhcyt7j65qf4npt07xs46fw0000gq/T/"/>
    <property name="java.version" value="11.0.9.1"/>
    <property name="user.dir" value="/Users/yxin/git/wikipathways-new-api-client-java/org.wikipathways.client"/>
    <property name="os.arch" value="x86_64"/>
    <property name="java.vm.specification.name" value="Java Virtual Machine Specification"/>
    <property name="java.awt.printerjob" value="sun.lwawt.macosx.CPrinterJob"/>
    <property name="sun.os.patch.level" value="unknown"/>
    <property name="java.library.path" value="/Users/yxin/Library/Java/Extensions:/Library/Java/Extensions:/Network/Library/Java/Extensions:/System/Library/Java/Extensions:/usr/lib/java:."/>
    <property name="java.vm.info" value="mixed mode"/>
    <property name="java.vendor" value="AdoptOpenJDK"/>
    <property name="java.vm.version" value="11.0.9.1+1"/>
    <property name="sun.io.unicode.encoding" value="UnicodeBig"/>
    <property name="java.class.version" value="55.0"/>
    <property name="socksNonProxyHosts" value="local|*.local|169.254/16|*.169.254/16"/>
  </properties>
  <testcase name="test" classname="org.wikipathways.client.TestListPathways" time="0.29"/>
</testsuite>